500
0 1423 4293 6257 3005 4644 5097 3297 8549 790 1323 9688 3895 4938 5135
1 1423 4293 6257 3005 4644 5097 3297 8549 790 1323 9688 3895 4938 5135
2 1423 4293 6257 3005 4644 5097 3297 8549 790 1323 9688 3895 4938 5135
3 1423 4293 6257 3005 4644 5097 3297 8549 790 1323 9688 3895 4938 5135
4 1423 4293 6257 3005 4644 5097 3297 8549 790 1323 9688 3895 4938 5135
5 1423 4293 6257 3005 4644 5097 3297 8549 790 1323 9688 3895 4938 5135
6 1423 4293 6257 3005 4644 5097 3297 8549 790 1323 9688 3895 4938 5135
7 1423 4293 6257 3005 4644 5097 3297 8549 790 1323 9688 3895 4938 5135
8 1423 4293 6257 3005 4644 5097 3297 8549 790 1323 9688 3895 4938 5135
9 1423 4293 6257 3005 4644 5097 3297 8549 790 1323 9688 3895 4938 5135
10 1423 4293 6257 3005 4644 5097 3297 8549 790 1323 9688 3895 4938 5135
11 1423 4293 6257 3005 4644 5097 3297 8549 790 1323 9688 3895 4938 5135
12 1423 4293 6257 3005 4644 5097 3297 8549 790 1323 9688 3895 4938 5135
13 1423 4293 6257 3005 4644 5097 3297 8549 790 1323 9688 3895 4938 5135
14 1423 4293 6257 3005 4644 5097 3297 8549 790 1323 9688 3895 4938 5135
15 1423 4293 6257 3005 4644 5097 3297 8549 790 1323 9688 3895 4938 5135
16 1423 4293 6257 3005 4644 5097 3297 8549 790 1323 9688 3895 4938 5135
17 1423 4293 6257 3005 4644 5097 3297 8549 790 1323 9688 3895 4938 5135
18 1423 4293 6257 3005 4644 5097 3297 8549 790 1323 9688 3895 4938 5135
19 1423 4293 6257 3005 4644 5097 3297 8549 790 1323 9688 3895 4938 5135
20 1423 4293 6257 3005 4644 5097 3297 8549 790 1323 9688 3895 4938 5135
21 1423 4293 6257 3005 4644 5097 3297 8549 790 1323 9688 3895 4938 5135
22 1423 4293 6257 3005 4644 5097 3297 8549 790 1323 9688 3895 4938 5135
23 1423 4293 6257 3005 4644 5097 3297 8549 790 1323 9688 3895 4938 5135
24 1423 4293 6257 3005 4644 5097 3297 8549 790 1323 9688 3895 4938 5135
25 1423 4293 6257 3005 4644 5097 3297 8549 790 1323 9688 3895 4938 5135
26 1423 4293 6257 3005 4644 5097 3297 8549 790 1323 9688 3895 4938 5135
27 1423 4293 6257 3005 4644 5097 3297 8549 790 1323 9688 3895 4938 5135
28 1423 4293 6257 3005 4644 5097 3297 8549 790 1323 9688 3895 4938 5135
29 1423 4293 6257 3005 4644 5097 3297 8549 790 1323 9688 3895 4938 5135
30 1423 4293 6257 3005 4644 5097 3297 8549 790 1323 9688 3895 4938 5135
31 1423 4293 6257 3005 4644 5097 3297 8549 790 1323 9688 3895 4938 5135
32 1423 4293 6257 3005 4644 5097 3297 8549 790 1323 9688 3895 4938 5135
33 1423 4293 6257 3005 4644 5097 3297 8549 790 1323 9688 3895 4938 5135
34 1423 4293 6257 3005 4644 5097 3297 8549 790 1323 9688 3895 4938 5135
35 1423 4293 6257 3005 4644 5097 3297 8549 790 1323 9688 3895 4938 5135
36 1423 4293 6257 3005 4644 5097 3297 8549 790 1323 9688 3895 4938 5135
37 1423 4293 6257 3005 4644 5097 3297 8549 790 1323 9688 3895 4938 5135
38 1423 4293 6257 3005 4644 5097 3297 8549 790 1323 9688 3895 4938 5135
39 1423 4293 6257 3005 4644 5097 3297 8549 790 1323 9688 3895 4938 5135
40 1423 4293 6257 3005 4644 5097 3297 8549 790 1323 9688 3895 4938 5135
41 1423 4293 6257 3005 4644 5097 3297 8549 790 1323 9688 3895 4938 5135
42 1423 4293 6257 3005 4644 5097 3297 8549 790 1323 9688 3895 4938 5135
43 1423 4293 6257 3005 4644 5097 3297 8549 790 1323 9688 3895 4938 5135
44 1423 4293 6257 3005 4644 5097 3297 8549 790 1323 9688 3895 4938 5135
45 1423 4293 6257 3005 4644 5097 3297 8549 790 1323 9688 3895 4938 5135
46 1423 4293 6257 3005 4644 5097 3297 8549 790 1323 9688 3895 4938 5135
47 1423 4293 6257 3005 4644 5097 3297 8549 790 1323 9688 3895 4938 5135
48 1423 4293 6257 3005 4644 5097 3297 8549 790 1323 9688 3895 4938 5135
49 1423 4293 6257 3005 4644 5097 3297 8549 790 1323 9688 3895 4938 5135
50 1423 4293 6257 3005 4644 5097 3297 8549 790 1323 9688 3895 4938 5135
51 1423 4293 6257 3005 4644 5097 3297 8549 790 1323 9688 3895 4938 5135
52 1423 4293 6257 3005 4644 5097 3297 8549 790 1323 9688 3895 4938 5135
53 1423 4293 6257 3005 4644 5097 3297 8549 790 1323 9688 3895 4938 5135
54 1423 4293 6257 3005 4644 5097 3297 8549 790 1323 9688 3895 4938 5135
55 1423 4293 6257 3005 4644 5097 3297 8549 790 1323 9688 3895 4938 5135
56 1423 4293 6257 3005 4644 5097 3297 8549 790 1323 9688 3895 4938 5135
57 1423 4293 6257 3005 4644 5097 3297 8549 790 1323 9688 3895 4938 5135
58 1423 4293 6257 3005 4644 5097 3297 8549 790 1323 9688 3895 4938 5135
59 1423 4293 6257 3005 4644 5097 3297 8549 790 1323 9688 3895 4938 5135
60 1423 4293 6257 3005 4644 5097 3297 8549 790 1323 9688 3895 4938 5135
61 1423 4293 6257 3005 4644 5097 3297 8549 790 1323 9688 3895 4938 5135
62 1423 4293 6257 3005 4644 5097 3297 8549 790 1323 9688 3895 4938 5135
63 1423 4293 6257 3005 4644 5097 3297 8549 790 1323 9688 3895 4938 5135
64 1423 4293 6257 3005 4644 5097 3297 8549 790 1323 9688 3895 4938 5135
65 1423 4293 6257 3005 4644 5097 3297 8549 790 1323 9688 3895 4938 5135
66 1423 4293 6257 3005 4644 5097 3297 8549 790 1323 9688 3895 4938 5135
67 1423 4293 6257 3005 4644 5097 3297 8549 790 1323 9688 3895 4938 5135
68 1423 4293 6257 3005 4644 5097 3297 8549 790 1323 9688 3895 4938 5135
69 1423 4293 6257 3005 4644 5097 3297 8549 790 1323 9688 3895 4938 5135
70 1423 4293 6257 3005 4644 5097 3297 8549 790 1323 9688 3895 4938 5135
71 1423 4293 6257 3005 4644 5097 3297 8549 790 1323 9688 3895 4938 5135
72 1423 4293 6257 3005 4644 5097 3297 8549 790 1323 9688 3895 4938 5135
73 1423 4293 6257 3005 4644 5097 3297 8549 790 1323 9688 3895 4938 5135
74 1423 4293 6257 3005 4644 5097 3297 8549 790 1323 9688 3895 4938 5135
75 1423 4293 6257 3005 4644 5097 3297 8549 790 1323 9688 3895 4938 5135
76 1423 4293 6257 3005 4644 5097 3297 8549 790 1323 9688 3895 4938 5135
77 1423 4293 6257 3005 4644 5097 3297 8549 790 1323 9688 3895 4938 5135
78 1423 4293 6257 3005 4644 5097 3297 8549 790 1323 9688 3895 4938 5135
79 1423 4293 6257 3005 4644 5097 3297 8549 790 1323 9688 3895 4938 5135
80 1423 4293 6257 3005 4644 5097 3297 8549 790 1323 9688 3895 4938 5135
81 1423 4293 6257 3005 4644 5097 3297 8549 790 1323 9688 3895 4938 5135
82 1423 4293 6257 3005 4644 5097 3297 8549 790 1323 9688 3895 4938 5135
83 1423 4293 6257 3005 4644 5097 3297 8549 790 1323 9688 3895 4938 5135
84 1423 4293 6257 3005 4644 5097 3297 8549 790 1323 9688 3895 4938 5135
85 1423 4293 6257 3005 4644 5097 3297 8549 790 1323 9688 3895 4938 5135
86 1423 4293 6257 3005 4644 5097 3297 8549 790 1323 9688 3895 4938 5135
87 1423 4293 6257 3005 4644 5097 3297 8549 790 1323 9688 3895 4938 5135
88 1423 4293 6257 3005 4644 5097 3297 8549 790 1323 9688 3895 4938 5135
89 1423 4293 6257 3005 4644 5097 3297 8549 790 1323 9688 3895 4938 5135
90 1423 4293 6257 3005 4644 5097 3297 8549 790 1323 9688 3895 4938 5135
91 1423 4293 6257 3005 4644 5097 3297 8549 790 1323 9688 3895 4938 5135
92 1423 4293 6257 3005 4644 5097 3297 8549 790 1323 9688 3895 4938 5135
93 1423 4293 6257 3005 4644 5097 3297 8549 790 1323 9688 3895 4938 5135
94 1423 4293 6257 3005 4644 5097 3297 8549 790 1323 9688 3895 4938 5135
95 1423 4293 6257 3005 4644 5097 3297 8549 790 1323 9688 3895 4938 5135
96 1423 4293 6257 3005 4644 5097 3297 8549 790 1323 9688 3895 4938 5135
97 1423 4293 6257 3005 4644 5097 3297 8549 790 1323 9688 3895 4938 5135
98 1423 4293 6257 3005 4644 5097 3297 8549 790 1323 9688 3895 4938 5135
99 1423 4293 6257 3005 4644 5097 3297 8549 790 1323 9688 3895 4938 5135
100 1423 4293 6257 3005 4644 5097 3297 8549 790 1323 9688 3895 4938 5135
101 1423 4293 6257 3005 4644 5097 3297 8549 790 1323 9688 3895 4938 5135
102 1423 4293 6257 3005 4644 5097 3297 8549 790 1323 9688 3895 4938 5135
103 1423 4293 6257 3005 4644 5097 3297 8549 790 1323 9688 3895 4938 5135
104 1423 4293 6257 3005 4644 5097 3297 8549 790 1323 9688 3895 4938 5135
105 1423 4293 6257 3005 4644 5097 3297 8549 790 1323 9688 3895 4938 5135
106 1423 4293 6257 3005 4644 5097 3297 8549 790 1323 9688 3895 4938 5135
107 1423 4293 6257 3005 4644 5097 3297 8549 790 1323 9688 3895 4938 5135
108 1423 4293 6257 3005 4644 5097 3297 8549 790 1323 9688 3895 4938 5135
109 1423 4293 6257 3005 4644 5097 3297 8549 790 1323 9688 3895 4938 5135
110 1423 4293 6257 3005 4644 5097 3297 8549 790 1323 9688 3895 4938 5135
111 1423 4293 6257 3005 4644 5097 3297 8549 790 1323 9688 3895 4938 5135
112 1423 4293 6257 3005 4644 5097 3297 8549 790 1323 9688 3895 4938 5135
113 1423 4293 6257 3005 4644 5097 3297 8549 790 1323 9688 3895 4938 5135
114 1423 4293 6257 3005 4644 5097 3297 8549 790 1323 9688 3895 4938 5135
115 1423 4293 6257 3005 4644 5097 3297 8549 790 1323 9688 3895 4938 5135
116 1423 4293 6257 3005 4644 5097 3297 8549 790 1323 9688 3895 4938 5135
117 1423 4293 6257 3005 4644 5097 3297 8549 790 1323 9688 3895 4938 5135
118 1423 4293 6257 3005 4644 5097 3297 8549 790 1323 9688 3895 4938 5135
119 1423 4293 6257 3005 4644 5097 3297 8549 790 1323 9688 3895 4938 5135
120 1423 4293 6257 3005 4644 5097 3297 8549 790 1323 9688 3895 4938 5135
121 1423 4293 6257 3005 4644 5097 3297 8549 790 1323 9688 3895 4938 5135
122 1423 4293 6257 3005 4644 5097 3297 8549 790 1323 9688 3895 4938 5135
123 1423 4293 6257 3005 4644 5097 3297 8549 790 1323 9688 3895 4938 5135
124 1423 4293 6257 3005 4644 5097 3297 8549 790 1323 9688 3895 4938 5135
125 1423 4293 6257 3005 4644 5097 3297 8549 790 1323 9688 3895 4938 5135
126 1423 4293 6257 3005 4644 5097 3297 8549 790 1323 9688 3895 4938 5135
127 1423 4293 6257 3005 4644 5097 3297 8549 790 1323 9688 3895 4938 5135
128 1423 4293 6257 3005 4644 5097 3297 8549 790 1323 9688 3895 4938 5135
129 1423 4293 6257 3005 4644 5097 3297 8549 790 1323 9688 3895 4938 5135
130 1423 4293 6257 3005 4644 5097 3297 8549 790 1323 9688 3895 4938 5135
131 1423 4293 6257 3005 4644 5097 3297 8549 790 1323 9688 3895 4938 5135
132 1423 4293 6257 3005 4644 5097 3297 8549 790 1323 9688 3895 4938 5135
133 1423 4293 6257 3005 4644 5097 3297 8549 790 1323 9688 3895 4938 5135
134 1423 4293 6257 3005 4644 5097 3297 8549 790 1323 9688 3895 4938 5135
135 1423 4293 6257 3005 4644 5097 3297 8549 790 1323 9688 3895 4938 5135
136 1423 4293 6257 3005 4644 5097 3297 8549 790 1323 9688 3895 4938 5135
137 1423 4293 6257 3005 4644 5097 3297 8549 790 1323 9688 3895 4938 5135
138 1423 4293 6257 3005 4644 5097 3297 8549 790 1323 9688 3895 4938 5135
139 1423 4293 6257 3005 4644 5097 3297 8549 790 1323 9688 3895 4938 5135
140 1423 4293 6257 3005 4644 5097 3297 8549 790 1323 9688 3895 4938 5135
141 1423 4293 6257 3005 4644 5097 3297 8549 790 1323 9688 3895 4938 5135
142 1423 4293 6257 3005 4644 5097 3297 8549 790 1323 9688 3895 4938 5135
143 1423 4293 6257 3005 4644 5097 3297 8549 790 1323 9688 3895 4938 5135
144 1423 4293 6257 3005 4644 5097 3297 8549 790 1323 9688 3895 4938 5135
145 1423 4293 6257 3005 4644 5097 3297 8549 790 1323 9688 3895 4938 5135
146 1423 4293 6257 3005 4644 5097 3297 8549 790 1323 9688 3895 4938 5135
147 1423 4293 6257 3005 4644 5097 3297 8549 790 1323 9688 3895 4938 5135
148 1423 4293 6257 3005 4644 5097 3297 8549 790 1323 9688 3895 4938 5135
149 1423 4293 6257 3005 4644 5097 3297 8549 790 1323 9688 3895 4938 5135
150 1423 4293 6257 3005 4644 5097 3297 8549 790 1323 9688 3895 4938 5135
151 1423 4293 6257 3005 4644 5097 3297 8549 790 1323 9688 3895 4938 5135
152 1423 4293 6257 3005 4644 5097 3297 8549 790 1323 9688 3895 4938 5135
153 1423 4293 6257 3005 4644 5097 3297 8549 790 1323 9688 3895 4938 5135
154 1423 4293 6257 3005 4644 5097 3297 8549 790 1323 9688 3895 4938 5135
155 1423 4293 6257 3005 4644 5097 3297 8549 790 1323 9688 3895 4938 5135
156 1423 4293 6257 3005 4644 5097 3297 8549 790 1323 9688 3895 4938 5135
157 1423 4293 6257 3005 4644 5097 3297 8549 790 1323 9688 3895 4938 5135
158 1423 4293 6257 3005 4644 5097 3297 8549 790 1323 9688 3895 4938 5135
159 1423 4293 6257 3005 4644 5097 3297 8549 790 1323 9688 3895 4938 5135
160 1423 4293 6257 3005 4644 5097 3297 8549 790 1323 9688 3895 4938 5135
161 1423 4293 6257 3005 4644 5097 3297 8549 790 1323 9688 3895 4938 5135
162 1423 4293 6257 3005 4644 5097 3297 8549 790 1323 9688 3895 4938 5135
163 1423 4293 6257 3005 4644 5097 3297 8549 790 1323 9688 3895 4938 5135
164 1423 4293 6257 3005 4644 5097 3297 8549 790 1323 9688 3895 4938 5135
165 1423 4293 6257 3005 4644 5097 3297 8549 790 1323 9688 3895 4938 5135
166 1423 4293 6257 3005 4644 5097 3297 8549 790 1323 9688 3895 4938 5135
167 1423 4293 6257 3005 4644 5097 3297 8549 790 1323 9688 3895 4938 5135
168 1423 4293 6257 3005 4644 5097 3297 8549 790 1323 9688 3895 4938 5135
169 1423 4293 6257 3005 4644 5097 3297 8549 790 1323 9688 3895 4938 5135
170 1423 4293 6257 3005 4644 5097 3297 8549 790 1323 9688 3895 4938 5135
171 1423 4293 6257 3005 4644 5097 3297 8549 790 1323 9688 3895 4938 5135
172 1423 4293 6257 3005 4644 5097 3297 8549 790 1323 9688 3895 4938 5135
173 1423 4293 6257 3005 4644 5097 3297 8549 790 1323 9688 3895 4938 5135
174 1423 4293 6257 3005 4644 5097 3297 8549 790 1323 9688 3895 4938 5135
175 1423 4293 6257 3005 4644 5097 3297 8549 790 1323 9688 3895 4938 5135
176 1423 4293 6257 3005 4644 5097 3297 8549 790 1323 9688 3895 4938 5135
177 1423 4293 6257 3005 4644 5097 3297 8549 790 1323 9688 3895 4938 5135
178 1423 4293 6257 3005 4644 5097 3297 8549 790 1323 9688 3895 4938 5135
179 1423 4293 6257 3005 4644 5097 3297 8549 790 1323 9688 3895 4938 5135
180 1423 4293 6257 3005 4644 5097 3297 8549 790 1323 9688 3895 4938 5135
181 1423 4293 6257 3005 4644 5097 3297 8549 790 1323 9688 3895 4938 5135
182 1423 4293 6257 3005 4644 5097 3297 8549 790 1323 9688 3895 4938 5135
183 1423 4293 6257 3005 4644 5097 3297 8549 790 1323 9688 3895 4938 5135
184 1423 4293 6257 3005 4644 5097 3297 8549 790 1323 9688 3895 4938 5135
185 1423 4293 6257 3005 4644 5097 3297 8549 790 1323 9688 3895 4938 5135
186 1423 4293 6257 3005 4644 5097 3297 8549 790 1323 9688 3895 4938 5135
187 1423 4293 6257 3005 4644 5097 3297 8549 790 1323 9688 3895 4938 5135
188 1423 4293 6257 3005 4644 5097 3297 8549 790 1323 9688 3895 4938 5135
189 1423 4293 6257 3005 4644 5097 3297 8549 790 1323 9688 3895 4938 5135
190 1423 4293 6257 3005 4644 5097 3297 8549 790 1323 9688 3895 4938 5135
191 1423 4293 6257 3005 4644 5097 3297 8549 790 1323 9688 3895 4938 5135
192 1423 4293 6257 3005 4644 5097 3297 8549 790 1323 9688 3895 4938 5135
193 1423 4293 6257 3005 4644 5097 3297 8549 790 1323 9688 3895 4938 5135
194 1423 4293 6257 3005 4644 5097 3297 8549 790 1323 9688 3895 4938 5135
195 1423 4293 6257 3005 4644 5097 3297 8549 790 1323 9688 3895 4938 5135
196 1423 4293 6257 3005 4644 5097 3297 8549 790 1323 9688 3895 4938 5135
197 1423 4293 6257 3005 4644 5097 3297 8549 790 1323 9688 3895 4938 5135
198 1423 4293 6257 3005 4644 5097 3297 8549 790 1323 9688 3895 4938 5135
199 1423 4293 6257 3005 4644 5097 3297 8549 790 1323 9688 3895 4938 5135
200 1423 4293 6257 3005 4644 5097 3297 8549 790 1323 9688 3895 4938 5135
201 1423 4293 6257 3005 4644 5097 3297 8549 790 1323 9688 3895 4938 5135
202 1423 4293 6257 3005 4644 5097 3297 8549 790 1323 9688 3895 4938 5135
203 1423 4293 6257 3005 4644 5097 3297 8549 790 1323 9688 3895 4938 5135
204 1423 4293 6257 3005 4644 5097 3297 8549 790 1323 9688 3895 4938 5135
205 1423 4293 6257 3005 4644 5097 3297 8549 790 1323 9688 3895 4938 5135
206 1423 4293 6257 3005 4644 5097 3297 8549 790 1323 9688 3895 4938 5135
207 1423 4293 6257 3005 4644 5097 3297 8549 790 1323 9688 3895 4938 5135
208 1423 4293 6257 3005 4644 5097 3297 8549 790 1323 9688 3895 4938 5135
209 1423 4293 6257 3005 4644 5097 3297 8549 790 1323 9688 3895 4938 5135
210 1423 4293 6257 3005 4644 5097 3297 8549 790 1323 9688 3895 4938 5135
211 1423 4293 6257 3005 4644 5097 3297 8549 790 1323 9688 3895 4938 5135
212 1423 4293 6257 3005 4644 5097 3297 8549 790 1323 9688 3895 4938 5135
213 1423 4293 6257 3005 4644 5097 3297 8549 790 1323 9688 3895 4938 5135
214 1423 4293 6257 3005 4644 5097 3297 8549 790 1323 9688 3895 4938 5135
215 1423 4293 6257 3005 4644 5097 3297 8549 790 1323 9688 3895 4938 5135
216 1423 4293 6257 3005 4644 5097 3297 8549 790 1323 9688 3895 4938 5135
217 1423 4293 6257 3005 4644 5097 3297 8549 790 1323 9688 3895 4938 5135
218 1423 4293 6257 3005 4644 5097 3297 8549 790 1323 9688 3895 4938 5135
219 1423 4293 6257 3005 4644 5097 3297 8549 790 1323 9688 3895 4938 5135
220 1423 4293 6257 3005 4644 5097 3297 8549 790 1323 9688 3895 4938 5135
221 1423 4293 6257 3005 4644 5097 3297 8549 790 1323 9688 3895 4938 5135
222 1423 4293 6257 3005 4644 5097 3297 8549 790 1323 9688 3895 4938 5135
223 1423 4293 6257 3005 4644 5097 3297 8549 790 1323 9688 3895 4938 5135
224 1423 4293 6257 3005 4644 5097 3297 8549 790 1323 9688 3895 4938 5135
225 1423 4293 6257 3005 4644 5097 3297 8549 790 1323 9688 3895 4938 5135
226 1423 4293 6257 3005 4644 5097 3297 8549 790 1323 9688 3895 4938 5135
227 1423 4293 6257 3005 4644 5097 3297 8549 790 1323 9688 3895 4938 5135
228 1423 4293 6257 3005 4644 5097 3297 8549 790 1323 9688 3895 4938 5135
229 1423 4293 6257 3005 4644 5097 3297 8549 790 1323 9688 3895 4938 5135
230 1423 4293 6257 3005 4644 5097 3297 8549 790 1323 9688 3895 4938 5135
231 1423 4293 6257 3005 4644 5097 3297 8549 790 1323 9688 3895 4938 5135
232 1423 4293 6257 3005 4644 5097 3297 8549 790 1323 9688 3895 4938 5135
233 1423 4293 6257 3005 4644 5097 3297 8549 790 1323 9688 3895 4938 5135
234 1423 4293 6257 3005 4644 5097 3297 8549 790 1323 9688 3895 4938 5135
235 1423 4293 6257 3005 4644 5097 3297 8549 790 1323 9688 3895 4938 5135
236 1423 4293 6257 3005 4644 5097 3297 8549 790 1323 9688 3895 4938 5135
237 1423 4293 6257 3005 4644 5097 3297 8549 790 1323 9688 3895 4938 5135
238 1423 4293 6257 3005 4644 5097 3297 8549 790 1323 9688 3895 4938 5135
239 1423 4293 6257 3005 4644 5097 3297 8549 790 1323 9688 3895 4938 5135
240 1423 4293 6257 3005 4644 5097 3297 8549 790 1323 9688 3895 4938 5135
241 1423 4293 6257 3005 4644 5097 3297 8549 790 1323 9688 3895 4938 5135
242 1423 4293 6257 3005 4644 5097 3297 8549 790 1323 9688 3895 4938 5135
243 1423 4293 6257 3005 4644 5097 3297 8549 790 1323 9688 3895 4938 5135
244 1423 4293 6257 3005 4644 5097 3297 8549 790 1323 9688 3895 4938 5135
245 1423 4293 6257 3005 4644 5097 3297 8549 790 1323 9688 3895 4938 5135
246 1423 4293 6257 3005 4644 5097 3297 8549 790 1323 9688 3895 4938 5135
247 1423 4293 6257 3005 4644 5097 3297 8549 790 1323 9688 3895 4938 5135
248 1423 4293 6257 3005 4644 5097 3297 8549 790 1323 9688 3895 4938 5135
249 1423 4293 6257 3005 4644 5097 3297 8549 790 1323 9688 3895 4938 5135
250 1423 4293 6257 3005 4644 5097 3297 8549 790 1323 9688 3895 4938 5135
251 1423 4293 6257 3005 4644 5097 3297 8549 790 1323 9688 3895 4938 5135
252 1423 4293 6257 3005 4644 5097 3297 8549 790 1323 9688 3895 4938 5135
253 1423 4293 6257 3005 4644 5097 3297 8549 790 1323 9688 3895 4938 5135
254 1423 4293 6257 3005 4644 5097 3297 8549 790 1323 9688 3895 4938 5135
255 1423 4293 6257 3005 4644 5097 3297 8549 790 1323 9688 3895 4938 5135
256 1423 4293 6257 3005 4644 5097 3297 8549 790 1323 9688 3895 4938 5135
257 1423 4293 6257 3005 4644 5097 3297 8549 790 1323 9688 3895 4938 5135
258 1423 4293 6257 3005 4644 5097 3297 8549 790 1323 9688 3895 4938 5135
259 1423 4293 6257 3005 4644 5097 3297 8549 790 1323 9688 3895 4938 5135
260 1423 4293 6257 3005 4644 5097 3297 8549 790 1323 9688 3895 4938 5135
261 1423 4293 6257 3005 4644 5097 3297 8549 790 1323 9688 3895 4938 5135
262 1423 4293 6257 3005 4644 5097 3297 8549 790 1323 9688 3895 4938 5135
263 1423 4293 6257 3005 4644 5097 3297 8549 790 1323 9688 3895 4938 5135
264 1423 4293 6257 3005 4644 5097 3297 8549 790 1323 9688 3895 4938 5135
265 1423 4293 6257 3005 4644 5097 3297 8549 790 1323 9688 3895 4938 5135
266 1423 4293 6257 3005 4644 5097 3297 8549 790 1323 9688 3895 4938 5135
267 1423 4293 6257 3005 4644 5097 3297 8549 790 1323 9688 3895 4938 5135
268 1423 4293 6257 3005 4644 5097 3297 8549 790 1323 9688 3895 4938 5135
269 1423 4293 6257 3005 4644 5097 3297 8549 790 1323 9688 3895 4938 5135
270 1423 4293 6257 3005 4644 5097 3297 8549 790 1323 9688 3895 4938 5135
271 1423 4293 6257 3005 4644 5097 3297 8549 790 1323 9688 3895 4938 5135
272 1423 4293 6257 3005 4644 5097 3297 8549 790 1323 9688 3895 4938 5135
273 1423 4293 6257 3005 4644 5097 3297 8549 790 1323 9688 3895 4938 5135
274 1423 4293 6257 3005 4644 5097 3297 8549 790 1323 9688 3895 4938 5135
275 1423 4293 6257 3005 4644 5097 3297 8549 790 1323 9688 3895 4938 5135
276 1423 4293 6257 3005 4644 5097 3297 8549 790 1323 9688 3895 4938 5135
277 1423 4293 6257 3005 4644 5097 3297 8549 790 1323 9688 3895 4938 5135
278 1423 4293 6257 3005 4644 5097 3297 8549 790 1323 9688 3895 4938 5135
279 1423 4293 6257 3005 4644 5097 3297 8549 790 1323 9688 3895 4938 5135
280 1423 4293 6257 3005 4644 5097 3297 8549 790 1323 9688 3895 4938 5135
281 1423 4293 6257 3005 4644 5097 3297 8549 790 1323 9688 3895 4938 5135
282 1423 4293 6257 3005 4644 5097 3297 8549 790 1323 9688 3895 4938 5135
283 1423 4293 6257 3005 4644 5097 3297 8549 790 1323 9688 3895 4938 5135
284 1423 4293 6257 3005 4644 5097 3297 8549 790 1323 9688 3895 4938 5135
285 1423 4293 6257 3005 4644 5097 3297 8549 790 1323 9688 3895 4938 5135
286 1423 4293 6257 3005 4644 5097 3297 8549 790 1323 9688 3895 4938 5135
287 1423 4293 6257 3005 4644 5097 3297 8549 790 1323 9688 3895 4938 5135
288 1423 4293 6257 3005 4644 5097 3297 8549 790 1323 9688 3895 4938 5135
289 1423 4293 6257 3005 4644 5097 3297 8549 790 1323 9688 3895 4938 5135
290 1423 4293 6257 3005 4644 5097 3297 8549 790 1323 9688 3895 4938 5135
291 1423 4293 6257 3005 4644 5097 3297 8549 790 1323 9688 3895 4938 5135
292 1423 4293 6257 3005 4644 5097 3297 8549 790 1323 9688 3895 4938 5135
293 1423 4293 6257 3005 4644 5097 3297 8549 790 1323 9688 3895 4938 5135
294 1423 4293 6257 3005 4644 5097 3297 8549 790 1323 9688 3895 4938 5135
295 1423 4293 6257 3005 4644 5097 3297 8549 790 1323 9688 3895 4938 5135
296 1423 4293 6257 3005 4644 5097 3297 8549 790 1323 9688 3895 4938 5135
297 1423 4293 6257 3005 4644 5097 3297 8549 790 1323 9688 3895 4938 5135
298 1423 4293 6257 3005 4644 5097 3297 8549 790 1323 9688 3895 4938 5135
299 1423 4293 6257 3005 4644 5097 3297 8549 790 1323 9688 3895 4938 5135
300 1423 4293 6257 3005 4644 5097 3297 8549 790 1323 9688 3895 4938 5135
301 1423 4293 6257 3005 4644 5097 3297 8549 790 1323 9688 3895 4938 5135
302 1423 4293 6257 3005 4644 5097 3297 8549 790 1323 9688 3895 4938 5135
303 1423 4293 6257 3005 4644 5097 3297 8549 790 1323 9688 3895 4938 5135
304 1423 4293 6257 3005 4644 5097 3297 8549 790 1323 9688 3895 4938 5135
305 1423 4293 6257 3005 4644 5097 3297 8549 790 1323 9688 3895 4938 5135
306 1423 4293 6257 3005 4644 5097 3297 8549 790 1323 9688 3895 4938 5135
307 1423 4293 6257 3005 4644 5097 3297 8549 790 1323 9688 3895 4938 5135
308 1423 4293 6257 3005 4644 5097 3297 8549 790 1323 9688 3895 4938 5135
309 1423 4293 6257 3005 4644 5097 3297 8549 790 1323 9688 3895 4938 5135
310 1423 4293 6257 3005 4644 5097 3297 8549 790 1323 9688 3895 4938 5135
311 1423 4293 6257 3005 4644 5097 3297 8549 790 1323 9688 3895 4938 5135
312 1423 4293 6257 3005 4644 5097 3297 8549 790 1323 9688 3895 4938 5135
313 1423 4293 6257 3005 4644 5097 3297 8549 790 1323 9688 3895 4938 5135
314 1423 4293 6257 3005 4644 5097 3297 8549 790 1323 9688 3895 4938 5135
315 1423 4293 6257 3005 4644 5097 3297 8549 790 1323 9688 3895 4938 5135
316 1423 4293 6257 3005 4644 5097 3297 8549 790 1323 9688 3895 4938 5135
317 1423 4293 6257 3005 4644 5097 3297 8549 790 1323 9688 3895 4938 5135
318 1423 4293 6257 3005 4644 5097 3297 8549 790 1323 9688 3895 4938 5135
319 1423 4293 6257 3005 4644 5097 3297 8549 790 1323 9688 3895 4938 5135
320 1423 4293 6257 3005 4644 5097 3297 8549 790 1323 9688 3895 4938 5135
321 1423 4293 6257 3005 4644 5097 3297 8549 790 1323 9688 3895 4938 5135
322 1423 4293 6257 3005 4644 5097 3297 8549 790 1323 9688 3895 4938 5135
323 1423 4293 6257 3005 4644 5097 3297 8549 790 1323 9688 3895 4938 5135
324 1423 4293 6257 3005 4644 5097 3297 8549 790 1323 9688 3895 4938 5135
325 1423 4293 6257 3005 4644 5097 3297 8549 790 1323 9688 3895 4938 5135
326 1423 4293 6257 3005 4644 5097 3297 8549 790 1323 9688 3895 4938 5135
327 1423 4293 6257 3005 4644 5097 3297 8549 790 1323 9688 3895 4938 5135
328 1423 4293 6257 3005 4644 5097 3297 8549 790 1323 9688 3895 4938 5135
329 1423 4293 6257 3005 4644 5097 3297 8549 790 1323 9688 3895 4938 5135
330 1423 4293 6257 3005 4644 5097 3297 8549 790 1323 9688 3895 4938 5135
331 1423 4293 6257 3005 4644 5097 3297 8549 790 1323 9688 3895 4938 5135
332 1423 4293 6257 3005 4644 5097 3297 8549 790 1323 9688 3895 4938 5135
333 1423 4293 6257 3005 4644 5097 3297 8549 790 1323 9688 3895 4938 5135
334 1423 4293 6257 3005 4644 5097 3297 8549 790 1323 9688 3895 4938 5135
335 1423 4293 6257 3005 4644 5097 3297 8549 790 1323 9688 3895 4938 5135
336 1423 4293 6257 3005 4644 5097 3297 8549 790 1323 9688 3895 4938 5135
337 1423 4293 6257 3005 4644 5097 3297 8549 790 1323 9688 3895 4938 5135
338 1423 4293 6257 3005 4644 5097 3297 8549 790 1323 9688 3895 4938 5135
339 1423 4293 6257 3005 4644 5097 3297 8549 790 1323 9688 3895 4938 5135
340 1423 4293 6257 3005 4644 5097 3297 8549 790 1323 9688 3895 4938 5135
341 1423 4293 6257 3005 4644 5097 3297 8549 790 1323 9688 3895 4938 5135
342 1423 4293 6257 3005 4644 5097 3297 8549 790 1323 9688 3895 4938 5135
343 1423 4293 6257 3005 4644 5097 3297 8549 790 1323 9688 3895 4938 5135
344 1423 4293 6257 3005 4644 5097 3297 8549 790 1323 9688 3895 4938 5135
345 1423 4293 6257 3005 4644 5097 3297 8549 790 1323 9688 3895 4938 5135
346 1423 4293 6257 3005 4644 5097 3297 8549 790 1323 9688 3895 4938 5135
347 1423 4293 6257 3005 4644 5097 3297 8549 790 1323 9688 3895 4938 5135
348 1423 4293 6257 3005 4644 5097 3297 8549 790 1323 9688 3895 4938 5135
349 1423 4293 6257 3005 4644 5097 3297 8549 790 1323 9688 3895 4938 5135
350 1423 4293 6257 3005 4644 5097 3297 8549 790 1323 9688 3895 4938 5135
351 1423 4293 6257 3005 4644 5097 3297 8549 790 1323 9688 3895 4938 5135
352 1423 4293 6257 3005 4644 5097 3297 8549 790 1323 9688 3895 4938 5135
353 1423 4293 6257 3005 4644 5097 3297 8549 790 1323 9688 3895 4938 5135
354 1423 4293 6257 3005 4644 5097 3297 8549 790 1323 9688 3895 4938 5135
355 1423 4293 6257 3005 4644 5097 3297 8549 790 1323 9688 3895 4938 5135
356 1423 4293 6257 3005 4644 5097 3297 8549 790 1323 9688 3895 4938 5135
357 1423 4293 6257 3005 4644 5097 3297 8549 790 1323 9688 3895 4938 5135
358 1423 4293 6257 3005 4644 5097 3297 8549 790 1323 9688 3895 4938 5135
359 1423 4293 6257 3005 4644 5097 3297 8549 790 1323 9688 3895 4938 5135
360 1423 4293 6257 3005 4644 5097 3297 8549 790 1323 9688 3895 4938 5135
361 1423 4293 6257 3005 4644 5097 3297 8549 790 1323 9688 3895 4938 5135
362 1423 4293 6257 3005 4644 5097 3297 8549 790 1323 9688 3895 4938 5135
363 1423 4293 6257 3005 4644 5097 3297 8549 790 1323 9688 3895 4938 5135
364 1423 4293 6257 3005 4644 5097 3297 8549 790 1323 9688 3895 4938 5135
365 1423 4293 6257 3005 4644 5097 3297 8549 790 1323 9688 3895 4938 5135
366 1423 4293 6257 3005 4644 5097 3297 8549 790 1323 9688 3895 4938 5135
367 1423 4293 6257 3005 4644 5097 3297 8549 790 1323 9688 3895 4938 5135
368 1423 4293 6257 3005 4644 5097 3297 8549 790 1323 9688 3895 4938 5135
369 1423 4293 6257 3005 4644 5097 3297 8549 790 1323 9688 3895 4938 5135
370 1423 4293 6257 3005 4644 5097 3297 8549 790 1323 9688 3895 4938 5135
371 1423 4293 6257 3005 4644 5097 3297 8549 790 1323 9688 3895 4938 5135
372 1423 4293 6257 3005 4644 5097 3297 8549 790 1323 9688 3895 4938 5135
373 1423 4293 6257 3005 4644 5097 3297 8549 790 1323 9688 3895 4938 5135
374 1423 4293 6257 3005 4644 5097 3297 8549 790 1323 9688 3895 4938 5135
375 1423 4293 6257 3005 4644 5097 3297 8549 790 1323 9688 3895 4938 5135
376 1423 4293 6257 3005 4644 5097 3297 8549 790 1323 9688 3895 4938 5135
377 1423 4293 6257 3005 4644 5097 3297 8549 790 1323 9688 3895 4938 5135
378 1423 4293 6257 3005 4644 5097 3297 8549 790 1323 9688 3895 4938 5135
379 1423 4293 6257 3005 4644 5097 3297 8549 790 1323 9688 3895 4938 5135
380 1423 4293 6257 3005 4644 5097 3297 8549 790 1323 9688 3895 4938 5135
381 1423 4293 6257 3005 4644 5097 3297 8549 790 1323 9688 3895 4938 5135
382 1423 4293 6257 3005 4644 5097 3297 8549 790 1323 9688 3895 4938 5135
383 1423 4293 6257 3005 4644 5097 3297 8549 790 1323 9688 3895 4938 5135
384 1423 4293 6257 3005 4644 5097 3297 8549 790 1323 9688 3895 4938 5135
385 1423 4293 6257 3005 4644 5097 3297 8549 790 1323 9688 3895 4938 5135
386 1423 4293 6257 3005 4644 5097 3297 8549 790 1323 9688 3895 4938 5135
387 1423 4293 6257 3005 4644 5097 3297 8549 790 1323 9688 3895 4938 5135
388 1423 4293 6257 3005 4644 5097 3297 8549 790 1323 9688 3895 4938 5135
389 1423 4293 6257 3005 4644 5097 3297 8549 790 1323 9688 3895 4938 5135
390 1423 4293 6257 3005 4644 5097 3297 8549 790 1323 9688 3895 4938 5135
391 1423 4293 6257 3005 4644 5097 3297 8549 790 1323 9688 3895 4938 5135
392 1423 4293 6257 3005 4644 5097 3297 8549 790 1323 9688 3895 4938 5135
393 1423 4293 6257 3005 4644 5097 3297 8549 790 1323 9688 3895 4938 5135
394 1423 4293 6257 3005 4644 5097 3297 8549 790 1323 9688 3895 4938 5135
395 1423 4293 6257 3005 4644 5097 3297 8549 790 1323 9688 3895 4938 5135
396 1423 4293 6257 3005 4644 5097 3297 8549 790 1323 9688 3895 4938 5135
397 1423 4293 6257 3005 4644 5097 3297 8549 790 1323 9688 3895 4938 5135
398 1423 4293 6257 3005 4644 5097 3297 8549 790 1323 9688 3895 4938 5135
399 1423 4293 6257 3005 4644 5097 3297 8549 790 1323 9688 3895 4938 5135
400 1423 4293 6257 3005 4644 5097 3297 8549 790 1323 9688 3895 4938 5135
401 1423 4293 6257 3005 4644 5097 3297 8549 790 1323 9688 3895 4938 5135
402 1423 4293 6257 3005 4644 5097 3297 8549 790 1323 9688 3895 4938 5135
403 1423 4293 6257 3005 4644 5097 3297 8549 790 1323 9688 3895 4938 5135
404 1423 4293 6257 3005 4644 5097 3297 8549 790 1323 9688 3895 4938 5135
405 1423 4293 6257 3005 4644 5097 3297 8549 790 1323 9688 3895 4938 5135
406 1423 4293 6257 3005 4644 5097 3297 8549 790 1323 9688 3895 4938 5135
407 1423 4293 6257 3005 4644 5097 3297 8549 790 1323 9688 3895 4938 5135
408 1423 4293 6257 3005 4644 5097 3297 8549 790 1323 9688 3895 4938 5135
409 1423 4293 6257 3005 4644 5097 3297 8549 790 1323 9688 3895 4938 5135
410 1423 4293 6257 3005 4644 5097 3297 8549 790 1323 9688 3895 4938 5135
411 1423 4293 6257 3005 4644 5097 3297 8549 790 1323 9688 3895 4938 5135
412 1423 4293 6257 3005 4644 5097 3297 8549 790 1323 9688 3895 4938 5135
413 1423 4293 6257 3005 4644 5097 3297 8549 790 1323 9688 3895 4938 5135
414 1423 4293 6257 3005 4644 5097 3297 8549 790 1323 9688 3895 4938 5135
415 1423 4293 6257 3005 4644 5097 3297 8549 790 1323 9688 3895 4938 5135
416 1423 4293 6257 3005 4644 5097 3297 8549 790 1323 9688 3895 4938 5135
417 1423 4293 6257 3005 4644 5097 3297 8549 790 1323 9688 3895 4938 5135
418 1423 4293 6257 3005 4644 5097 3297 8549 790 1323 9688 3895 4938 5135
419 1423 4293 6257 3005 4644 5097 3297 8549 790 1323 9688 3895 4938 5135
420 1423 4293 6257 3005 4644 5097 3297 8549 790 1323 9688 3895 4938 5135
421 1423 4293 6257 3005 4644 5097 3297 8549 790 1323 9688 3895 4938 5135
422 1423 4293 6257 3005 4644 5097 3297 8549 790 1323 9688 3895 4938 5135
423 1423 4293 6257 3005 4644 5097 3297 8549 790 1323 9688 3895 4938 5135
424 1423 4293 6257 3005 4644 5097 3297 8549 790 1323 9688 3895 4938 5135
425 1423 4293 6257 3005 4644 5097 3297 8549 790 1323 9688 3895 4938 5135
426 1423 4293 6257 3005 4644 5097 3297 8549 790 1323 9688 3895 4938 5135
427 1423 4293 6257 3005 4644 5097 3297 8549 790 1323 9688 3895 4938 5135
428 1423 4293 6257 3005 4644 5097 3297 8549 790 1323 9688 3895 4938 5135
429 1423 4293 6257 3005 4644 5097 3297 8549 790 1323 9688 3895 4938 5135
430 1423 4293 6257 3005 4644 5097 3297 8549 790 1323 9688 3895 4938 5135
431 1423 4293 6257 3005 4644 5097 3297 8549 790 1323 9688 3895 4938 5135
432 1423 4293 6257 3005 4644 5097 3297 8549 790 1323 9688 3895 4938 5135
433 1423 4293 6257 3005 4644 5097 3297 8549 790 1323 9688 3895 4938 5135
434 1423 4293 6257 3005 4644 5097 3297 8549 790 1323 9688 3895 4938 5135
435 1423 4293 6257 3005 4644 5097 3297 8549 790 1323 9688 3895 4938 5135
436 1423 4293 6257 3005 4644 5097 3297 8549 790 1323 9688 3895 4938 5135
437 1423 4293 6257 3005 4644 5097 3297 8549 790 1323 9688 3895 4938 5135
438 1423 4293 6257 3005 4644 5097 3297 8549 790 1323 9688 3895 4938 5135
439 1423 4293 6257 3005 4644 5097 3297 8549 790 1323 9688 3895 4938 5135
440 1423 4293 6257 3005 4644 5097 3297 8549 790 1323 9688 3895 4938 5135
441 1423 4293 6257 3005 4644 5097 3297 8549 790 1323 9688 3895 4938 5135
442 1423 4293 6257 3005 4644 5097 3297 8549 790 1323 9688 3895 4938 5135
443 1423 4293 6257 3005 4644 5097 3297 8549 790 1323 9688 3895 4938 5135
444 1423 4293 6257 3005 4644 5097 3297 8549 790 1323 9688 3895 4938 5135
445 1423 4293 6257 3005 4644 5097 3297 8549 790 1323 9688 3895 4938 5135
446 1423 4293 6257 3005 4644 5097 3297 8549 790 1323 9688 3895 4938 5135
447 1423 4293 6257 3005 4644 5097 3297 8549 790 1323 9688 3895 4938 5135
448 1423 4293 6257 3005 4644 5097 3297 8549 790 1323 9688 3895 4938 5135
449 1423 4293 6257 3005 4644 5097 3297 8549 790 1323 9688 3895 4938 5135
450 1423 4293 6257 3005 4644 5097 3297 8549 790 1323 9688 3895 4938 5135
451 1423 4293 6257 3005 4644 5097 3297 8549 790 1323 9688 3895 4938 5135
452 1423 4293 6257 3005 4644 5097 3297 8549 790 1323 9688 3895 4938 5135
453 1423 4293 6257 3005 4644 5097 3297 8549 790 1323 9688 3895 4938 5135
454 1423 4293 6257 3005 4644 5097 3297 8549 790 1323 9688 3895 4938 5135
455 1423 4293 6257 3005 4644 5097 3297 8549 790 1323 9688 3895 4938 5135
456 1423 4293 6257 3005 4644 5097 3297 8549 790 1323 9688 3895 4938 5135
457 1423 4293 6257 3005 4644 5097 3297 8549 790 1323 9688 3895 4938 5135
458 1423 4293 6257 3005 4644 5097 3297 8549 790 1323 9688 3895 4938 5135
459 1423 4293 6257 3005 4644 5097 3297 8549 790 1323 9688 3895 4938 5135
460 1423 4293 6257 3005 4644 5097 3297 8549 790 1323 9688 3895 4938 5135
461 1423 4293 6257 3005 4644 5097 3297 8549 790 1323 9688 3895 4938 5135
462 1423 4293 6257 3005 4644 5097 3297 8549 790 1323 9688 3895 4938 5135
463 1423 4293 6257 3005 4644 5097 3297 8549 790 1323 9688 3895 4938 5135
464 1423 4293 6257 3005 4644 5097 3297 8549 790 1323 9688 3895 4938 5135
465 1423 4293 6257 3005 4644 5097 3297 8549 790 1323 9688 3895 4938 5135
466 1423 4293 6257 3005 4644 5097 3297 8549 790 1323 9688 3895 4938 5135
467 1423 4293 6257 3005 4644 5097 3297 8549 790 1323 9688 3895 4938 5135
468 1423 4293 6257 3005 4644 5097 3297 8549 790 1323 9688 3895 4938 5135
469 1423 4293 6257 3005 4644 5097 3297 8549 790 1323 9688 3895 4938 5135
470 1423 4293 6257 3005 4644 5097 3297 8549 790 1323 9688 3895 4938 5135
471 1423 4293 6257 3005 4644 5097 3297 8549 790 1323 9688 3895 4938 5135
472 1423 4293 6257 3005 4644 5097 3297 8549 790 1323 9688 3895 4938 5135
473 1423 4293 6257 3005 4644 5097 3297 8549 790 1323 9688 3895 4938 5135
474 1423 4293 6257 3005 4644 5097 3297 8549 790 1323 9688 3895 4938 5135
475 1423 4293 6257 3005 4644 5097 3297 8549 790 1323 9688 3895 4938 5135
476 1423 4293 6257 3005 4644 5097 3297 8549 790 1323 9688 3895 4938 5135
477 1423 4293 6257 3005 4644 5097 3297 8549 790 1323 9688 3895 4938 5135
478 1423 4293 6257 3005 4644 5097 3297 8549 790 1323 9688 3895 4938 5135
479 1423 4293 6257 3005 4644 5097 3297 8549 790 1323 9688 3895 4938 5135
480 1423 4293 6257 3005 4644 5097 3297 8549 790 1323 9688 3895 4938 5135
481 1423 4293 6257 3005 4644 5097 3297 8549 790 1323 9688 3895 4938 5135
482 1423 4293 6257 3005 4644 5097 3297 8549 790 1323 9688 3895 4938 5135
483 1423 4293 6257 3005 4644 5097 3297 8549 790 1323 9688 3895 4938 5135
484 1423 4293 6257 3005 4644 5097 3297 8549 790 1323 9688 3895 4938 5135
485 1423 4293 6257 3005 4644 5097 3297 8549 790 1323 9688 3895 4938 5135
486 1423 4293 6257 3005 4644 5097 3297 8549 790 1323 9688 3895 4938 5135
487 1423 4293 6257 3005 4644 5097 3297 8549 790 1323 9688 3895 4938 5135
488 1423 4293 6257 3005 4644 5097 3297 8549 790 1323 9688 3895 4938 5135
489 1423 4293 6257 3005 4644 5097 3297 8549 790 1323 9688 3895 4938 5135
490 1423 4293 6257 3005 4644 5097 3297 8549 790 1323 9688 3895 4938 5135
491 1423 4293 6257 3005 4644 5097 3297 8549 790 1323 9688 3895 4938 5135
492 1423 4293 6257 3005 4644 5097 3297 8549 790 1323 9688 3895 4938 5135
493 1423 4293 6257 3005 4644 5097 3297 8549 790 1323 9688 3895 4938 5135
494 1423 4293 6257 3005 4644 5097 3297 8549 790 1323 9688 3895 4938 5135
495 1423 4293 6257 3005 4644 5097 3297 8549 790 1323 9688 3895 4938 5135
496 1423 4293 6257 3005 4644 5097 3297 8549 790 1323 9688 3895 4938 5135
497 1423 4293 6257 3005 4644 5097 3297 8549 790 1323 9688 3895 4938 5135
498 1423 4293 6257 3005 4644 5097 3297 8549 790 1323 9688 3895 4938 5135
499 1423 4293 6257 3005 4644 5097 3297 8549 790 1323 9688 3895 4938 5135
